Solid Edge Translation to STL
Date: Sunday,April 20,2025 10:03AM
Source File:C:\Home\Projects\open_spin_lauch\construction\small-scale_prototype\a2_auto_release_mechanism\rocket_dummy_nose_cone.par
Source System: SOLID EDGE

Hardware:
Processor: 13th Gen Intel(R) Core(TM) i9-13900H
Operating System: Windows 10
Installed Memory: 31.73 GB

Software Information:
Parasolid Version: 36.0.142
PSBodyshop Version: 36.0.108
STL Adapter Version: 13.0.193
Solid Edge Version: 224.00.00.101 x64

STL Export Options:
Output File Format:BINARY
Export Displayed Parts:Off
structureOption: Monolithic
Export Units:Millimeter
Export Tolerance Value:0.001000
Export Tolerance Type:Custom
Export Surface Plane Angle Value:0.017453

Translation progress:
Translation process completed
Time required to translate:00 : 00 : 01
